{"C:\\Users\\Josh Eze\\Documents\\Web_Project\\Web_Project\\react-test\\shortlink\\src\\controllers\\auth.js": {"path":"C:\\Users\\Josh Eze\\Documents\\Web_Project\\Web_Project\\react-test\\shortlink\\src\\controllers\\auth.js","statementMap":{"0":{"start":{"line":2,"column":16},"end":{"line":10,"column":1}},"1":{"start":{"line":3,"column":28},"end":{"line":3,"column":110}},"2":{"start":{"line":3,"column":91},"end":{"line":3,"column":106}},"3":{"start":{"line":4,"column":4},"end":{"line":9,"column":7}},"4":{"start":{"line":5,"column":36},"end":{"line":5,"column":97}},"5":{"start":{"line":5,"column":42},"end":{"line":5,"column":70}},"6":{"start":{"line":5,"column":85},"end":{"line":5,"column":95}},"7":{"start":{"line":6,"column":35},"end":{"line":6,"column":100}},"8":{"start":{"line":6,"column":41},"end":{"line":6,"column":73}},"9":{"start":{"line":6,"column":88},"end":{"line":6,"column":98}},"10":{"start":{"line":7,"column":32},"end":{"line":7,"column":116}},"11":{"start":{"line":8,"column":8},"end":{"line":8,"column":78}},"12":{"start":{"line":11,"column":22},"end":{"line":13,"column":1}},"13":{"start":{"line":12,"column":4},"end":{"line":12,"column":62}},"14":{"start":{"line":14,"column":0},"end":{"line":14,"column":62}},"15":{"start":{"line":15,"column":0},"end":{"line":15,"column":108}},"16":{"start":{"line":16,"column":28},"end":{"line":16,"column":56}},"17":{"start":{"line":17,"column":21},"end":{"line":17,"column":59}},"18":{"start":{"line":18,"column":21},"end":{"line":18,"column":59}},"19":{"start":{"line":19,"column":15},"end":{"line":19,"column":57}},"20":{"start":{"line":20,"column":19},"end":{"line":20,"column":55}},"21":{"start":{"line":21,"column":16},"end":{"line":28,"column":2}},"22":{"start":{"line":29,"column":17},"end":{"line":42,"column":1}},"23":{"start":{"line":31,"column":4},"end":{"line":41,"column":7}},"24":{"start":{"line":43,"column":0},"end":{"line":43,"column":28}},"25":{"start":{"line":44,"column":18},"end":{"line":58,"column":1}},"26":{"start":{"line":45,"column":4},"end":{"line":57,"column":7}},"27":{"start":{"line":59,"column":0},"end":{"line":59,"column":30}},"28":{"start":{"line":60,"column":19},"end":{"line":101,"column":2}},"29":{"start":{"line":60,"column":39},"end":{"line":101,"column":2}},"30":{"start":{"line":61,"column":18},"end":{"line":61,"column":32}},"31":{"start":{"line":62,"column":21},"end":{"line":62,"column":38}},"32":{"start":{"line":63,"column":21},"end":{"line":63,"column":35}},"33":{"start":{"line":64,"column":19},"end":{"line":64,"column":65}},"34":{"start":{"line":65,"column":4},"end":{"line":79,"column":5}},"35":{"start":{"line":66,"column":8},"end":{"line":78,"column":11}},"36":{"start":{"line":80,"column":4},"end":{"line":100,"column":5}},"37":{"start":{"line":81,"column":31},"end":{"line":81,"column":74}},"38":{"start":{"line":82,"column":24},"end":{"line":86,"column":10}},"39":{"start":{"line":87,"column":26},"end":{"line":87,"column":46}},"40":{"start":{"line":88,"column":8},"end":{"line":93,"column":11}},"41":{"start":{"line":96,"column":8},"end":{"line":96,"column":25}},"42":{"start":{"line":99,"column":8},"end":{"line":99,"column":43}},"43":{"start":{"line":102,"column":0},"end":{"line":102,"column":32}},"44":{"start":{"line":103,"column":18},"end":{"line":161,"column":2}},"45":{"start":{"line":103,"column":38},"end":{"line":161,"column":2}},"46":{"start":{"line":104,"column":19},"end":{"line":104,"column":65}},"47":{"start":{"line":105,"column":4},"end":{"line":117,"column":5}},"48":{"start":{"line":106,"column":8},"end":{"line":116,"column":11}},"49":{"start":{"line":118,"column":4},"end":{"line":160,"column":5}},"50":{"start":{"line":120,"column":31},"end":{"line":120,"column":58}},"51":{"start":{"line":122,"column":24},"end":{"line":122,"column":44}},"52":{"start":{"line":123,"column":21},"end":{"line":123,"column":76}},"53":{"start":{"line":124,"column":8},"end":{"line":136,"column":9}},"54":{"start":{"line":125,"column":12},"end":{"line":135,"column":15}},"55":{"start":{"line":137,"column":24},"end":{"line":137,"column":90}},"56":{"start":{"line":138,"column":8},"end":{"line":145,"column":9}},"57":{"start":{"line":139,"column":12},"end":{"line":139,"column":42}},"58":{"start":{"line":140,"column":12},"end":{"line":140,"column":42}},"59":{"start":{"line":141,"column":12},"end":{"line":141,"column":36}},"60":{"start":{"line":142,"column":12},"end":{"line":144,"column":15}},"61":{"start":{"line":143,"column":16},"end":{"line":143,"column":46}},"62":{"start":{"line":146,"column":8},"end":{"line":156,"column":11}},"63":{"start":{"line":159,"column":8},"end":{"line":159,"column":25}},"64":{"start":{"line":162,"column":0},"end":{"line":162,"column":30}},"65":{"start":{"line":163,"column":19},"end":{"line":169,"column":1}},"66":{"start":{"line":164,"column":4},"end":{"line":168,"column":7}},"67":{"start":{"line":165,"column":8},"end":{"line":166,"column":29}},"68":{"start":{"line":166,"column":12},"end":{"line":166,"column":29}},"69":{"start":{"line":167,"column":8},"end":{"line":167,"column":43}},"70":{"start":{"line":170,"column":0},"end":{"line":170,"column":32}}},"fnMap":{"0":{"name":"(anonymous_0)","decl":{"start":{"line":2,"column":44},"end":{"line":2,"column":45}},"loc":{"start":{"line":2,"column":89},"end":{"line":10,"column":1}},"line":2},"1":{"name":"adopt","decl":{"start":{"line":3,"column":13},"end":{"line":3,"column":18}},"loc":{"start":{"line":3,"column":26},"end":{"line":3,"column":112}},"line":3},"2":{"name":"(anonymous_2)","decl":{"start":{"line":3,"column":70},"end":{"line":3,"column":71}},"loc":{"start":{"line":3,"column":89},"end":{"line":3,"column":108}},"line":3},"3":{"name":"(anonymous_3)","decl":{"start":{"line":4,"column":36},"end":{"line":4,"column":37}},"loc":{"start":{"line":4,"column":63},"end":{"line":9,"column":5}},"line":4},"4":{"name":"fulfilled","decl":{"start":{"line":5,"column":17},"end":{"line":5,"column":26}},"loc":{"start":{"line":5,"column":34},"end":{"line":5,"column":99}},"line":5},"5":{"name":"rejected","decl":{"start":{"line":6,"column":17},"end":{"line":6,"column":25}},"loc":{"start":{"line":6,"column":33},"end":{"line":6,"column":102}},"line":6},"6":{"name":"step","decl":{"start":{"line":7,"column":17},"end":{"line":7,"column":21}},"loc":{"start":{"line":7,"column":30},"end":{"line":7,"column":118}},"line":7},"7":{"name":"(anonymous_7)","decl":{"start":{"line":11,"column":56},"end":{"line":11,"column":57}},"loc":{"start":{"line":11,"column":71},"end":{"line":13,"column":1}},"line":11},"8":{"name":"(anonymous_8)","decl":{"start":{"line":29,"column":17},"end":{"line":29,"column":18}},"loc":{"start":{"line":29,"column":37},"end":{"line":42,"column":1}},"line":29},"9":{"name":"(anonymous_9)","decl":{"start":{"line":44,"column":18},"end":{"line":44,"column":19}},"loc":{"start":{"line":44,"column":38},"end":{"line":58,"column":1}},"line":44},"10":{"name":"(anonymous_10)","decl":{"start":{"line":60,"column":19},"end":{"line":60,"column":20}},"loc":{"start":{"line":60,"column":39},"end":{"line":101,"column":2}},"line":60},"11":{"name":"(anonymous_11)","decl":{"start":{"line":60,"column":73},"end":{"line":60,"column":74}},"loc":{"start":{"line":60,"column":86},"end":{"line":101,"column":1}},"line":60},"12":{"name":"(anonymous_12)","decl":{"start":{"line":103,"column":18},"end":{"line":103,"column":19}},"loc":{"start":{"line":103,"column":38},"end":{"line":161,"column":2}},"line":103},"13":{"name":"(anonymous_13)","decl":{"start":{"line":103,"column":72},"end":{"line":103,"column":73}},"loc":{"start":{"line":103,"column":85},"end":{"line":161,"column":1}},"line":103},"14":{"name":"(anonymous_14)","decl":{"start":{"line":142,"column":36},"end":{"line":142,"column":37}},"loc":{"start":{"line":142,"column":42},"end":{"line":144,"column":13}},"line":142},"15":{"name":"(anonymous_15)","decl":{"start":{"line":163,"column":19},"end":{"line":163,"column":20}},"loc":{"start":{"line":163,"column":39},"end":{"line":169,"column":1}},"line":163},"16":{"name":"(anonymous_16)","decl":{"start":{"line":164,"column":24},"end":{"line":164,"column":25}},"loc":{"start":{"line":164,"column":33},"end":{"line":168,"column":5}},"line":164}},"branchMap":{"0":{"loc":{"start":{"line":2,"column":16},"end":{"line":10,"column":1}},"type":"binary-expr","locations":[{"start":{"line":2,"column":17},"end":{"line":2,"column":21}},{"start":{"line":2,"column":25},"end":{"line":2,"column":39}},{"start":{"line":2,"column":44},"end":{"line":10,"column":1}}],"line":2},"1":{"loc":{"start":{"line":3,"column":35},"end":{"line":3,"column":109}},"type":"cond-expr","locations":[{"start":{"line":3,"column":56},"end":{"line":3,"column":61}},{"start":{"line":3,"column":64},"end":{"line":3,"column":109}}],"line":3},"2":{"loc":{"start":{"line":4,"column":16},"end":{"line":4,"column":34}},"type":"binary-expr","locations":[{"start":{"line":4,"column":16},"end":{"line":4,"column":17}},{"start":{"line":4,"column":22},"end":{"line":4,"column":33}}],"line":4},"3":{"loc":{"start":{"line":7,"column":32},"end":{"line":7,"column":115}},"type":"cond-expr","locations":[{"start":{"line":7,"column":46},"end":{"line":7,"column":67}},{"start":{"line":7,"column":70},"end":{"line":7,"column":115}}],"line":7},"4":{"loc":{"start":{"line":8,"column":51},"end":{"line":8,"column":67}},"type":"binary-expr","locations":[{"start":{"line":8,"column":51},"end":{"line":8,"column":61}},{"start":{"line":8,"column":65},"end":{"line":8,"column":67}}],"line":8},"5":{"loc":{"start":{"line":11,"column":22},"end":{"line":13,"column":1}},"type":"binary-expr","locations":[{"start":{"line":11,"column":23},"end":{"line":11,"column":27}},{"start":{"line":11,"column":31},"end":{"line":11,"column":51}},{"start":{"line":11,"column":56},"end":{"line":13,"column":1}}],"line":11},"6":{"loc":{"start":{"line":12,"column":11},"end":{"line":12,"column":61}},"type":"cond-expr","locations":[{"start":{"line":12,"column":37},"end":{"line":12,"column":40}},{"start":{"line":12,"column":43},"end":{"line":12,"column":61}}],"line":12},"7":{"loc":{"start":{"line":12,"column":12},"end":{"line":12,"column":33}},"type":"binary-expr","locations":[{"start":{"line":12,"column":12},"end":{"line":12,"column":15}},{"start":{"line":12,"column":19},"end":{"line":12,"column":33}}],"line":12},"8":{"loc":{"start":{"line":65,"column":4},"end":{"line":79,"column":5}},"type":"if","locations":[{"start":{"line":65,"column":4},"end":{"line":79,"column":5}},{"start":{},"end":{}}],"line":65},"9":{"loc":{"start":{"line":105,"column":4},"end":{"line":117,"column":5}},"type":"if","locations":[{"start":{"line":105,"column":4},"end":{"line":117,"column":5}},{"start":{},"end":{}}],"line":105},"10":{"loc":{"start":{"line":124,"column":8},"end":{"line":136,"column":9}},"type":"if","locations":[{"start":{"line":124,"column":8},"end":{"line":136,"column":9}},{"start":{},"end":{}}],"line":124},"11":{"loc":{"start":{"line":138,"column":8},"end":{"line":145,"column":9}},"type":"if","locations":[{"start":{"line":138,"column":8},"end":{"line":145,"column":9}},{"start":{},"end":{}}],"line":138},"12":{"loc":{"start":{"line":165,"column":8},"end":{"line":166,"column":29}},"type":"if","locations":[{"start":{"line":165,"column":8},"end":{"line":166,"column":29}},{"start":{},"end":{}}],"line":165}},"s":{"0":4,"1":4,"2":2,"3":4,"4":4,"5":4,"6":0,"7":0,"8":0,"9":0,"10":8,"11":4,"12":4,"13":16,"14":4,"15":4,"16":4,"17":4,"18":4,"19":4,"20":4,"21":4,"22":4,"23":0,"24":4,"25":4,"26":0,"27":4,"28":4,"29":2,"30":2,"31":2,"32":2,"33":2,"34":2,"35":2,"36":0,"37":0,"38":0,"39":0,"40":0,"41":0,"42":0,"43":4,"44":4,"45":2,"46":2,"47":2,"48":0,"49":2,"50":2,"51":2,"52":2,"53":2,"54":0,"55":2,"56":2,"57":0,"58":0,"59":0,"60":0,"61":0,"62":2,"63":0,"64":4,"65":4,"66":0,"67":0,"68":0,"69":0,"70":4},"f":{"0":4,"1":4,"2":2,"3":4,"4":4,"5":0,"6":8,"7":16,"8":0,"9":0,"10":2,"11":2,"12":2,"13":2,"14":0,"15":0,"16":0},"b":{"0":[4,4,4],"1":[2,2],"2":[4,4],"3":[4,4],"4":[4,4],"5":[4,4,4],"6":[4,12],"7":[16,16],"8":[2,0],"9":[0,2],"10":[0,2],"11":[0,2],"12":[0,0]},"inputSourceMap":null,"_coverageSchema":"1a1c01bbd47fc00a2c39e90264f33305004495a9","hash":"4e2001c6c37ebbee98e1e9ae06701d13bd290850"}
,"C:\\Users\\Josh Eze\\Documents\\Web_Project\\Web_Project\\react-test\\shortlink\\src\\controllers\\error.js": {"path":"C:\\Users\\Josh Eze\\Documents\\Web_Project\\Web_Project\\react-test\\shortlink\\src\\controllers\\error.js","statementMap":{"0":{"start":{"line":2,"column":0},"end":{"line":2,"column":62}},"1":{"start":{"line":3,"column":0},"end":{"line":3,"column":54}},"2":{"start":{"line":4,"column":19},"end":{"line":10,"column":1}},"3":{"start":{"line":5,"column":4},"end":{"line":9,"column":7}},"4":{"start":{"line":11,"column":0},"end":{"line":11,"column":32}},"5":{"start":{"line":12,"column":24},"end":{"line":17,"column":1}},"6":{"start":{"line":13,"column":4},"end":{"line":16,"column":7}},"7":{"start":{"line":18,"column":0},"end":{"line":18,"column":42}}},"fnMap":{"0":{"name":"(anonymous_0)","decl":{"start":{"line":4,"column":19},"end":{"line":4,"column":20}},"loc":{"start":{"line":4,"column":46},"end":{"line":10,"column":1}},"line":4},"1":{"name":"(anonymous_1)","decl":{"start":{"line":12,"column":24},"end":{"line":12,"column":25}},"loc":{"start":{"line":12,"column":44},"end":{"line":17,"column":1}},"line":12}},"branchMap":{},"s":{"0":4,"1":4,"2":4,"3":0,"4":4,"5":4,"6":0,"7":4},"f":{"0":0,"1":0},"b":{},"inputSourceMap":null,"_coverageSchema":"1a1c01bbd47fc00a2c39e90264f33305004495a9","hash":"a8ef1e3642ca7ec71c037d9e3e48ffe6317a0938"}
,"C:\\Users\\Josh Eze\\Documents\\Web_Project\\Web_Project\\react-test\\shortlink\\src\\controllers\\short.js": {"path":"C:\\Users\\Josh Eze\\Documents\\Web_Project\\Web_Project\\react-test\\shortlink\\src\\controllers\\short.js","statementMap":{"0":{"start":{"line":2,"column":16},"end":{"line":10,"column":1}},"1":{"start":{"line":3,"column":28},"end":{"line":3,"column":110}},"2":{"start":{"line":3,"column":91},"end":{"line":3,"column":106}},"3":{"start":{"line":4,"column":4},"end":{"line":9,"column":7}},"4":{"start":{"line":5,"column":36},"end":{"line":5,"column":97}},"5":{"start":{"line":5,"column":42},"end":{"line":5,"column":70}},"6":{"start":{"line":5,"column":85},"end":{"line":5,"column":95}},"7":{"start":{"line":6,"column":35},"end":{"line":6,"column":100}},"8":{"start":{"line":6,"column":41},"end":{"line":6,"column":73}},"9":{"start":{"line":6,"column":88},"end":{"line":6,"column":98}},"10":{"start":{"line":7,"column":32},"end":{"line":7,"column":116}},"11":{"start":{"line":8,"column":8},"end":{"line":8,"column":78}},"12":{"start":{"line":11,"column":22},"end":{"line":13,"column":1}},"13":{"start":{"line":12,"column":4},"end":{"line":12,"column":62}},"14":{"start":{"line":14,"column":0},"end":{"line":14,"column":62}},"15":{"start":{"line":15,"column":0},"end":{"line":15,"column":103}},"16":{"start":{"line":16,"column":17},"end":{"line":16,"column":61}},"17":{"start":{"line":17,"column":28},"end":{"line":17,"column":56}},"18":{"start":{"line":18,"column":20},"end":{"line":27,"column":1}},"19":{"start":{"line":19,"column":4},"end":{"line":26,"column":7}},"20":{"start":{"line":28,"column":0},"end":{"line":28,"column":34}},"21":{"start":{"line":29,"column":17},"end":{"line":42,"column":2}},"22":{"start":{"line":29,"column":37},"end":{"line":42,"column":2}},"23":{"start":{"line":30,"column":20},"end":{"line":30,"column":38}},"24":{"start":{"line":31,"column":16},"end":{"line":31,"column":68}},"25":{"start":{"line":32,"column":4},"end":{"line":35,"column":5}},"26":{"start":{"line":33,"column":22},"end":{"line":33,"column":57}},"27":{"start":{"line":34,"column":8},"end":{"line":34,"column":27}},"28":{"start":{"line":36,"column":4},"end":{"line":41,"column":7}},"29":{"start":{"line":43,"column":0},"end":{"line":43,"column":28}},"30":{"start":{"line":44,"column":15},"end":{"line":71,"column":2}},"31":{"start":{"line":44,"column":35},"end":{"line":71,"column":2}},"32":{"start":{"line":45,"column":19},"end":{"line":45,"column":65}},"33":{"start":{"line":46,"column":4},"end":{"line":55,"column":5}},"34":{"start":{"line":47,"column":8},"end":{"line":54,"column":11}},"35":{"start":{"line":56,"column":20},"end":{"line":56,"column":36}},"36":{"start":{"line":58,"column":16},"end":{"line":61,"column":6}},"37":{"start":{"line":62,"column":4},"end":{"line":70,"column":5}},"38":{"start":{"line":63,"column":8},"end":{"line":63,"column":25}},"39":{"start":{"line":66,"column":8},"end":{"line":66,"column":25}},"40":{"start":{"line":69,"column":8},"end":{"line":69,"column":45}},"41":{"start":{"line":72,"column":0},"end":{"line":72,"column":24}},"42":{"start":{"line":73,"column":19},"end":{"line":79,"column":2}},"43":{"start":{"line":73,"column":39},"end":{"line":79,"column":2}},"44":{"start":{"line":74,"column":4},"end":{"line":78,"column":7}},"45":{"start":{"line":80,"column":0},"end":{"line":80,"column":32}},"46":{"start":{"line":82,"column":15},"end":{"line":101,"column":2}},"47":{"start":{"line":82,"column":35},"end":{"line":101,"column":2}},"48":{"start":{"line":83,"column":4},"end":{"line":100,"column":5}},"49":{"start":{"line":84,"column":24},"end":{"line":84,"column":42}},"50":{"start":{"line":85,"column":20},"end":{"line":85,"column":72}},"51":{"start":{"line":86,"column":8},"end":{"line":89,"column":9}},"52":{"start":{"line":87,"column":26},"end":{"line":87,"column":61}},"53":{"start":{"line":88,"column":12},"end":{"line":88,"column":31}},"54":{"start":{"line":90,"column":24},"end":{"line":90,"column":35}},"55":{"start":{"line":91,"column":8},"end":{"line":96,"column":9}},"56":{"start":{"line":92,"column":12},"end":{"line":92,"column":46}},"57":{"start":{"line":95,"column":12},"end":{"line":95,"column":61}},"58":{"start":{"line":99,"column":8},"end":{"line":99,"column":25}},"59":{"start":{"line":102,"column":0},"end":{"line":102,"column":24}}},"fnMap":{"0":{"name":"(anonymous_0)","decl":{"start":{"line":2,"column":44},"end":{"line":2,"column":45}},"loc":{"start":{"line":2,"column":89},"end":{"line":10,"column":1}},"line":2},"1":{"name":"adopt","decl":{"start":{"line":3,"column":13},"end":{"line":3,"column":18}},"loc":{"start":{"line":3,"column":26},"end":{"line":3,"column":112}},"line":3},"2":{"name":"(anonymous_2)","decl":{"start":{"line":3,"column":70},"end":{"line":3,"column":71}},"loc":{"start":{"line":3,"column":89},"end":{"line":3,"column":108}},"line":3},"3":{"name":"(anonymous_3)","decl":{"start":{"line":4,"column":36},"end":{"line":4,"column":37}},"loc":{"start":{"line":4,"column":63},"end":{"line":9,"column":5}},"line":4},"4":{"name":"fulfilled","decl":{"start":{"line":5,"column":17},"end":{"line":5,"column":26}},"loc":{"start":{"line":5,"column":34},"end":{"line":5,"column":99}},"line":5},"5":{"name":"rejected","decl":{"start":{"line":6,"column":17},"end":{"line":6,"column":25}},"loc":{"start":{"line":6,"column":33},"end":{"line":6,"column":102}},"line":6},"6":{"name":"step","decl":{"start":{"line":7,"column":17},"end":{"line":7,"column":21}},"loc":{"start":{"line":7,"column":30},"end":{"line":7,"column":118}},"line":7},"7":{"name":"(anonymous_7)","decl":{"start":{"line":11,"column":56},"end":{"line":11,"column":57}},"loc":{"start":{"line":11,"column":71},"end":{"line":13,"column":1}},"line":11},"8":{"name":"(anonymous_8)","decl":{"start":{"line":18,"column":20},"end":{"line":18,"column":21}},"loc":{"start":{"line":18,"column":40},"end":{"line":27,"column":1}},"line":18},"9":{"name":"(anonymous_9)","decl":{"start":{"line":29,"column":17},"end":{"line":29,"column":18}},"loc":{"start":{"line":29,"column":37},"end":{"line":42,"column":2}},"line":29},"10":{"name":"(anonymous_10)","decl":{"start":{"line":29,"column":71},"end":{"line":29,"column":72}},"loc":{"start":{"line":29,"column":84},"end":{"line":42,"column":1}},"line":29},"11":{"name":"(anonymous_11)","decl":{"start":{"line":44,"column":15},"end":{"line":44,"column":16}},"loc":{"start":{"line":44,"column":35},"end":{"line":71,"column":2}},"line":44},"12":{"name":"(anonymous_12)","decl":{"start":{"line":44,"column":69},"end":{"line":44,"column":70}},"loc":{"start":{"line":44,"column":82},"end":{"line":71,"column":1}},"line":44},"13":{"name":"(anonymous_13)","decl":{"start":{"line":73,"column":19},"end":{"line":73,"column":20}},"loc":{"start":{"line":73,"column":39},"end":{"line":79,"column":2}},"line":73},"14":{"name":"(anonymous_14)","decl":{"start":{"line":73,"column":73},"end":{"line":73,"column":74}},"loc":{"start":{"line":73,"column":86},"end":{"line":79,"column":1}},"line":73},"15":{"name":"(anonymous_15)","decl":{"start":{"line":82,"column":15},"end":{"line":82,"column":16}},"loc":{"start":{"line":82,"column":35},"end":{"line":101,"column":2}},"line":82},"16":{"name":"(anonymous_16)","decl":{"start":{"line":82,"column":69},"end":{"line":82,"column":70}},"loc":{"start":{"line":82,"column":82},"end":{"line":101,"column":1}},"line":82}},"branchMap":{"0":{"loc":{"start":{"line":2,"column":16},"end":{"line":10,"column":1}},"type":"binary-expr","locations":[{"start":{"line":2,"column":17},"end":{"line":2,"column":21}},{"start":{"line":2,"column":25},"end":{"line":2,"column":39}},{"start":{"line":2,"column":44},"end":{"line":10,"column":1}}],"line":2},"1":{"loc":{"start":{"line":3,"column":35},"end":{"line":3,"column":109}},"type":"cond-expr","locations":[{"start":{"line":3,"column":56},"end":{"line":3,"column":61}},{"start":{"line":3,"column":64},"end":{"line":3,"column":109}}],"line":3},"2":{"loc":{"start":{"line":4,"column":16},"end":{"line":4,"column":34}},"type":"binary-expr","locations":[{"start":{"line":4,"column":16},"end":{"line":4,"column":17}},{"start":{"line":4,"column":22},"end":{"line":4,"column":33}}],"line":4},"3":{"loc":{"start":{"line":7,"column":32},"end":{"line":7,"column":115}},"type":"cond-expr","locations":[{"start":{"line":7,"column":46},"end":{"line":7,"column":67}},{"start":{"line":7,"column":70},"end":{"line":7,"column":115}}],"line":7},"4":{"loc":{"start":{"line":8,"column":51},"end":{"line":8,"column":67}},"type":"binary-expr","locations":[{"start":{"line":8,"column":51},"end":{"line":8,"column":61}},{"start":{"line":8,"column":65},"end":{"line":8,"column":67}}],"line":8},"5":{"loc":{"start":{"line":11,"column":22},"end":{"line":13,"column":1}},"type":"binary-expr","locations":[{"start":{"line":11,"column":23},"end":{"line":11,"column":27}},{"start":{"line":11,"column":31},"end":{"line":11,"column":51}},{"start":{"line":11,"column":56},"end":{"line":13,"column":1}}],"line":11},"6":{"loc":{"start":{"line":12,"column":11},"end":{"line":12,"column":61}},"type":"cond-expr","locations":[{"start":{"line":12,"column":37},"end":{"line":12,"column":40}},{"start":{"line":12,"column":43},"end":{"line":12,"column":61}}],"line":12},"7":{"loc":{"start":{"line":12,"column":12},"end":{"line":12,"column":33}},"type":"binary-expr","locations":[{"start":{"line":12,"column":12},"end":{"line":12,"column":15}},{"start":{"line":12,"column":19},"end":{"line":12,"column":33}}],"line":12},"8":{"loc":{"start":{"line":32,"column":4},"end":{"line":35,"column":5}},"type":"if","locations":[{"start":{"line":32,"column":4},"end":{"line":35,"column":5}},{"start":{},"end":{}}],"line":32},"9":{"loc":{"start":{"line":40,"column":23},"end":{"line":40,"column":67}},"type":"cond-expr","locations":[{"start":{"line":40,"column":55},"end":{"line":40,"column":59}},{"start":{"line":40,"column":62},"end":{"line":40,"column":67}}],"line":40},"10":{"loc":{"start":{"line":46,"column":4},"end":{"line":55,"column":5}},"type":"if","locations":[{"start":{"line":46,"column":4},"end":{"line":55,"column":5}},{"start":{},"end":{}}],"line":46},"11":{"loc":{"start":{"line":86,"column":8},"end":{"line":89,"column":9}},"type":"if","locations":[{"start":{"line":86,"column":8},"end":{"line":89,"column":9}},{"start":{},"end":{}}],"line":86},"12":{"loc":{"start":{"line":91,"column":8},"end":{"line":96,"column":9}},"type":"if","locations":[{"start":{"line":91,"column":8},"end":{"line":96,"column":9}},{"start":{"line":94,"column":13},"end":{"line":96,"column":9}}],"line":91}},"s":{"0":4,"1":0,"2":0,"3":0,"4":0,"5":0,"6":0,"7":0,"8":0,"9":0,"10":0,"11":0,"12":4,"13":4,"14":4,"15":4,"16":4,"17":4,"18":4,"19":0,"20":4,"21":4,"22":0,"23":0,"24":0,"25":0,"26":0,"27":0,"28":0,"29":4,"30":4,"31":0,"32":0,"33":0,"34":0,"35":0,"36":0,"37":0,"38":0,"39":0,"40":0,"41":4,"42":4,"43":0,"44":0,"45":4,"46":4,"47":0,"48":0,"49":0,"50":0,"51":0,"52":0,"53":0,"54":0,"55":0,"56":0,"57":0,"58":0,"59":4},"f":{"0":0,"1":0,"2":0,"3":0,"4":0,"5":0,"6":0,"7":4,"8":0,"9":0,"10":0,"11":0,"12":0,"13":0,"14":0,"15":0,"16":0},"b":{"0":[4,4,4],"1":[0,0],"2":[0,0],"3":[0,0],"4":[0,0],"5":[4,4,4],"6":[4,0],"7":[4,4],"8":[0,0],"9":[0,0],"10":[0,0],"11":[0,0],"12":[0,0]},"inputSourceMap":null,"_coverageSchema":"1a1c01bbd47fc00a2c39e90264f33305004495a9","hash":"1a687e59b87458137cda397c63c5ae394b386fc2"}
,"C:\\Users\\Josh Eze\\Documents\\Web_Project\\Web_Project\\react-test\\shortlink\\src\\functions\\api.js": {"path":"C:\\Users\\Josh Eze\\Documents\\Web_Project\\Web_Project\\react-test\\shortlink\\src\\functions\\api.js","statementMap":{"0":{"start":{"line":2,"column":22},"end":{"line":4,"column":1}},"1":{"start":{"line":3,"column":4},"end":{"line":3,"column":62}},"2":{"start":{"line":5,"column":0},"end":{"line":5,"column":62}},"3":{"start":{"line":6,"column":22},"end":{"line":6,"column":61}},"4":{"start":{"line":7,"column":18},"end":{"line":7,"column":53}},"5":{"start":{"line":8,"column":19},"end":{"line":8,"column":55}},"6":{"start":{"line":9,"column":26},"end":{"line":9,"column":69}},"7":{"start":{"line":10,"column":34},"end":{"line":10,"column":85}},"8":{"start":{"line":11,"column":15},"end":{"line":11,"column":47}},"9":{"start":{"line":12,"column":0},"end":{"line":12,"column":27}},"10":{"start":{"line":13,"column":21},"end":{"line":13,"column":86}},"11":{"start":{"line":14,"column":14},"end":{"line":17,"column":2}},"12":{"start":{"line":18,"column":26},"end":{"line":18,"column":79}},"13":{"start":{"line":19,"column":22},"end":{"line":19,"column":71}},"14":{"start":{"line":20,"column":16},"end":{"line":20,"column":47}},"15":{"start":{"line":21,"column":12},"end":{"line":21,"column":36}},"16":{"start":{"line":23,"column":0},"end":{"line":23,"column":30}},"17":{"start":{"line":24,"column":0},"end":{"line":24,"column":30}},"18":{"start":{"line":26,"column":0},"end":{"line":26,"column":38}},"19":{"start":{"line":28,"column":0},"end":{"line":28,"column":63}},"20":{"start":{"line":30,"column":0},"end":{"line":30,"column":82}},"21":{"start":{"line":32,"column":0},"end":{"line":37,"column":4}},"22":{"start":{"line":39,"column":0},"end":{"line":42,"column":3}},"23":{"start":{"line":40,"column":4},"end":{"line":40,"column":56}},"24":{"start":{"line":41,"column":4},"end":{"line":41,"column":11}},"25":{"start":{"line":43,"column":0},"end":{"line":43,"column":31}},"26":{"start":{"line":44,"column":0},"end":{"line":44,"column":35}},"27":{"start":{"line":45,"column":0},"end":{"line":45,"column":33}},"28":{"start":{"line":46,"column":0},"end":{"line":46,"column":28}},"29":{"start":{"line":47,"column":0},"end":{"line":50,"column":3}},"30":{"start":{"line":48,"column":4},"end":{"line":48,"column":41}},"31":{"start":{"line":49,"column":4},"end":{"line":49,"column":21}},"32":{"start":{"line":51,"column":0},"end":{"line":51,"column":22}}},"fnMap":{"0":{"name":"(anonymous_0)","decl":{"start":{"line":2,"column":56},"end":{"line":2,"column":57}},"loc":{"start":{"line":2,"column":71},"end":{"line":4,"column":1}},"line":2},"1":{"name":"(anonymous_1)","decl":{"start":{"line":39,"column":8},"end":{"line":39,"column":9}},"loc":{"start":{"line":39,"column":28},"end":{"line":42,"column":1}},"line":39},"2":{"name":"(anonymous_2)","decl":{"start":{"line":47,"column":57},"end":{"line":47,"column":58}},"loc":{"start":{"line":47,"column":64},"end":{"line":50,"column":1}},"line":47}},"branchMap":{"0":{"loc":{"start":{"line":2,"column":22},"end":{"line":4,"column":1}},"type":"binary-expr","locations":[{"start":{"line":2,"column":23},"end":{"line":2,"column":27}},{"start":{"line":2,"column":31},"end":{"line":2,"column":51}},{"start":{"line":2,"column":56},"end":{"line":4,"column":1}}],"line":2},"1":{"loc":{"start":{"line":3,"column":11},"end":{"line":3,"column":61}},"type":"cond-expr","locations":[{"start":{"line":3,"column":37},"end":{"line":3,"column":40}},{"start":{"line":3,"column":43},"end":{"line":3,"column":61}}],"line":3},"2":{"loc":{"start":{"line":3,"column":12},"end":{"line":3,"column":33}},"type":"binary-expr","locations":[{"start":{"line":3,"column":12},"end":{"line":3,"column":15}},{"start":{"line":3,"column":19},"end":{"line":3,"column":33}}],"line":3}},"s":{"0":4,"1":32,"2":4,"3":4,"4":4,"5":4,"6":4,"7":4,"8":4,"9":4,"10":4,"11":4,"12":4,"13":4,"14":4,"15":4,"16":4,"17":4,"18":4,"19":4,"20":4,"21":4,"22":4,"23":8,"24":8,"25":4,"26":4,"27":4,"28":4,"29":4,"30":4,"31":4,"32":4},"f":{"0":32,"1":8,"2":4},"b":{"0":[4,4,4],"1":[8,24],"2":[32,32]},"inputSourceMap":null,"_coverageSchema":"1a1c01bbd47fc00a2c39e90264f33305004495a9","hash":"2747d0575e0fb6e705068d951477ffa1c4ef72b1"}
,"C:\\Users\\Josh Eze\\Documents\\Web_Project\\Web_Project\\react-test\\shortlink\\src\\models\\urlmap.js": {"path":"C:\\Users\\Josh Eze\\Documents\\Web_Project\\Web_Project\\react-test\\shortlink\\src\\models\\urlmap.js","statementMap":{"0":{"start":{"line":2,"column":22},"end":{"line":4,"column":1}},"1":{"start":{"line":3,"column":4},"end":{"line":3,"column":62}},"2":{"start":{"line":5,"column":0},"end":{"line":5,"column":62}},"3":{"start":{"line":6,"column":19},"end":{"line":6,"column":55}},"4":{"start":{"line":7,"column":15},"end":{"line":7,"column":40}},"5":{"start":{"line":8,"column":21},"end":{"line":17,"column":24}},"6":{"start":{"line":18,"column":17},"end":{"line":18,"column":66}},"7":{"start":{"line":19,"column":0},"end":{"line":19,"column":27}}},"fnMap":{"0":{"name":"(anonymous_0)","decl":{"start":{"line":2,"column":56},"end":{"line":2,"column":57}},"loc":{"start":{"line":2,"column":71},"end":{"line":4,"column":1}},"line":2}},"branchMap":{"0":{"loc":{"start":{"line":2,"column":22},"end":{"line":4,"column":1}},"type":"binary-expr","locations":[{"start":{"line":2,"column":23},"end":{"line":2,"column":27}},{"start":{"line":2,"column":31},"end":{"line":2,"column":51}},{"start":{"line":2,"column":56},"end":{"line":4,"column":1}}],"line":2},"1":{"loc":{"start":{"line":3,"column":11},"end":{"line":3,"column":61}},"type":"cond-expr","locations":[{"start":{"line":3,"column":37},"end":{"line":3,"column":40}},{"start":{"line":3,"column":43},"end":{"line":3,"column":61}}],"line":3},"2":{"loc":{"start":{"line":3,"column":12},"end":{"line":3,"column":33}},"type":"binary-expr","locations":[{"start":{"line":3,"column":12},"end":{"line":3,"column":15}},{"start":{"line":3,"column":19},"end":{"line":3,"column":33}}],"line":3}},"s":{"0":4,"1":4,"2":4,"3":4,"4":4,"5":4,"6":4,"7":4},"f":{"0":4},"b":{"0":[4,4,4],"1":[0,4],"2":[4,4]},"inputSourceMap":null,"_coverageSchema":"1a1c01bbd47fc00a2c39e90264f33305004495a9","hash":"d0024bce8dc40602489fa05b648750540818ee5e"}
,"C:\\Users\\Josh Eze\\Documents\\Web_Project\\Web_Project\\react-test\\shortlink\\src\\models\\user.js": {"path":"C:\\Users\\Josh Eze\\Documents\\Web_Project\\Web_Project\\react-test\\shortlink\\src\\models\\user.js","statementMap":{"0":{"start":{"line":2,"column":22},"end":{"line":4,"column":1}},"1":{"start":{"line":3,"column":4},"end":{"line":3,"column":62}},"2":{"start":{"line":5,"column":0},"end":{"line":5,"column":62}},"3":{"start":{"line":6,"column":19},"end":{"line":6,"column":55}},"4":{"start":{"line":7,"column":15},"end":{"line":7,"column":40}},"5":{"start":{"line":8,"column":19},"end":{"line":21,"column":2}},"6":{"start":{"line":22,"column":0},"end":{"line":22,"column":64}}},"fnMap":{"0":{"name":"(anonymous_0)","decl":{"start":{"line":2,"column":56},"end":{"line":2,"column":57}},"loc":{"start":{"line":2,"column":71},"end":{"line":4,"column":1}},"line":2}},"branchMap":{"0":{"loc":{"start":{"line":2,"column":22},"end":{"line":4,"column":1}},"type":"binary-expr","locations":[{"start":{"line":2,"column":23},"end":{"line":2,"column":27}},{"start":{"line":2,"column":31},"end":{"line":2,"column":51}},{"start":{"line":2,"column":56},"end":{"line":4,"column":1}}],"line":2},"1":{"loc":{"start":{"line":3,"column":11},"end":{"line":3,"column":61}},"type":"cond-expr","locations":[{"start":{"line":3,"column":37},"end":{"line":3,"column":40}},{"start":{"line":3,"column":43},"end":{"line":3,"column":61}}],"line":3},"2":{"loc":{"start":{"line":3,"column":12},"end":{"line":3,"column":33}},"type":"binary-expr","locations":[{"start":{"line":3,"column":12},"end":{"line":3,"column":15}},{"start":{"line":3,"column":19},"end":{"line":3,"column":33}}],"line":3}},"s":{"0":4,"1":4,"2":4,"3":4,"4":4,"5":4,"6":4},"f":{"0":4},"b":{"0":[4,4,4],"1":[0,4],"2":[4,4]},"inputSourceMap":null,"_coverageSchema":"1a1c01bbd47fc00a2c39e90264f33305004495a9","hash":"f025a4c49b6015ac0a35a6e75829945b880f5a86"}
,"C:\\Users\\Josh Eze\\Documents\\Web_Project\\Web_Project\\react-test\\shortlink\\src\\routes\\auth.routes.js": {"path":"C:\\Users\\Josh Eze\\Documents\\Web_Project\\Web_Project\\react-test\\shortlink\\src\\routes\\auth.routes.js","statementMap":{"0":{"start":{"line":2,"column":22},"end":{"line":4,"column":1}},"1":{"start":{"line":3,"column":4},"end":{"line":3,"column":62}},"2":{"start":{"line":5,"column":0},"end":{"line":5,"column":62}},"3":{"start":{"line":6,"column":18},"end":{"line":6,"column":53}},"4":{"start":{"line":7,"column":15},"end":{"line":7,"column":45}},"5":{"start":{"line":8,"column":28},"end":{"line":8,"column":56}},"6":{"start":{"line":9,"column":15},"end":{"line":9,"column":57}},"7":{"start":{"line":10,"column":15},"end":{"line":10,"column":41}},"8":{"start":{"line":11,"column":0},"end":{"line":11,"column":245}},"9":{"start":{"line":12,"column":0},"end":{"line":12,"column":42}},"10":{"start":{"line":13,"column":0},"end":{"line":13,"column":38}},"11":{"start":{"line":14,"column":0},"end":{"line":14,"column":40}},"12":{"start":{"line":15,"column":0},"end":{"line":26,"column":23}},"13":{"start":{"line":16,"column":4},"end":{"line":20,"column":7}},"14":{"start":{"line":17,"column":8},"end":{"line":19,"column":9}},"15":{"start":{"line":18,"column":12},"end":{"line":18,"column":66}},"16":{"start":{"line":22,"column":4},"end":{"line":24,"column":5}},"17":{"start":{"line":23,"column":8},"end":{"line":23,"column":50}},"18":{"start":{"line":25,"column":4},"end":{"line":25,"column":16}},"19":{"start":{"line":27,"column":0},"end":{"line":27,"column":25}}},"fnMap":{"0":{"name":"(anonymous_0)","decl":{"start":{"line":2,"column":56},"end":{"line":2,"column":57}},"loc":{"start":{"line":2,"column":71},"end":{"line":4,"column":1}},"line":2},"1":{"name":"(anonymous_1)","decl":{"start":{"line":15,"column":141},"end":{"line":15,"column":142}},"loc":{"start":{"line":15,"column":161},"end":{"line":21,"column":1}},"line":15},"2":{"name":"(anonymous_2)","decl":{"start":{"line":16,"column":57},"end":{"line":16,"column":58}},"loc":{"start":{"line":16,"column":67},"end":{"line":20,"column":5}},"line":16},"3":{"name":"(anonymous_3)","decl":{"start":{"line":21,"column":180},"end":{"line":21,"column":181}},"loc":{"start":{"line":21,"column":200},"end":{"line":26,"column":1}},"line":21}},"branchMap":{"0":{"loc":{"start":{"line":2,"column":22},"end":{"line":4,"column":1}},"type":"binary-expr","locations":[{"start":{"line":2,"column":23},"end":{"line":2,"column":27}},{"start":{"line":2,"column":31},"end":{"line":2,"column":51}},{"start":{"line":2,"column":56},"end":{"line":4,"column":1}}],"line":2},"1":{"loc":{"start":{"line":3,"column":11},"end":{"line":3,"column":61}},"type":"cond-expr","locations":[{"start":{"line":3,"column":37},"end":{"line":3,"column":40}},{"start":{"line":3,"column":43},"end":{"line":3,"column":61}}],"line":3},"2":{"loc":{"start":{"line":3,"column":12},"end":{"line":3,"column":33}},"type":"binary-expr","locations":[{"start":{"line":3,"column":12},"end":{"line":3,"column":15}},{"start":{"line":3,"column":19},"end":{"line":3,"column":33}}],"line":3},"3":{"loc":{"start":{"line":17,"column":8},"end":{"line":19,"column":9}},"type":"if","locations":[{"start":{"line":17,"column":8},"end":{"line":19,"column":9}},{"start":{},"end":{}}],"line":17},"4":{"loc":{"start":{"line":22,"column":4},"end":{"line":24,"column":5}},"type":"if","locations":[{"start":{"line":22,"column":4},"end":{"line":24,"column":5}},{"start":{},"end":{}}],"line":22}},"s":{"0":4,"1":8,"2":4,"3":4,"4":4,"5":4,"6":4,"7":4,"8":4,"9":4,"10":4,"11":4,"12":4,"13":2,"14":2,"15":2,"16":2,"17":0,"18":2,"19":4},"f":{"0":8,"1":2,"2":2,"3":2},"b":{"0":[4,4,4],"1":[4,4],"2":[8,8],"3":[2,0],"4":[0,2]},"inputSourceMap":null,"_coverageSchema":"1a1c01bbd47fc00a2c39e90264f33305004495a9","hash":"db974e88da72ee895ce68e166f5a6fbad8a16760"}
,"C:\\Users\\Josh Eze\\Documents\\Web_Project\\Web_Project\\react-test\\shortlink\\src\\routes\\shortest.routes.js": {"path":"C:\\Users\\Josh Eze\\Documents\\Web_Project\\Web_Project\\react-test\\shortlink\\src\\routes\\shortest.routes.js","statementMap":{"0":{"start":{"line":2,"column":22},"end":{"line":4,"column":1}},"1":{"start":{"line":3,"column":4},"end":{"line":3,"column":62}},"2":{"start":{"line":5,"column":0},"end":{"line":5,"column":62}},"3":{"start":{"line":6,"column":18},"end":{"line":6,"column":53}},"4":{"start":{"line":7,"column":16},"end":{"line":7,"column":47}},"5":{"start":{"line":8,"column":28},"end":{"line":8,"column":56}},"6":{"start":{"line":9,"column":27},"end":{"line":9,"column":62}},"7":{"start":{"line":10,"column":15},"end":{"line":10,"column":41}},"8":{"start":{"line":12,"column":0},"end":{"line":17,"column":20}},"9":{"start":{"line":13,"column":4},"end":{"line":15,"column":5}},"10":{"start":{"line":14,"column":8},"end":{"line":14,"column":52}},"11":{"start":{"line":16,"column":4},"end":{"line":16,"column":16}},"12":{"start":{"line":19,"column":0},"end":{"line":19,"column":74}},"13":{"start":{"line":21,"column":0},"end":{"line":21,"column":64}},"14":{"start":{"line":23,"column":0},"end":{"line":23,"column":70}},"15":{"start":{"line":25,"column":0},"end":{"line":25,"column":79}},"16":{"start":{"line":26,"column":0},"end":{"line":26,"column":25}}},"fnMap":{"0":{"name":"(anonymous_0)","decl":{"start":{"line":2,"column":56},"end":{"line":2,"column":57}},"loc":{"start":{"line":2,"column":71},"end":{"line":4,"column":1}},"line":2},"1":{"name":"(anonymous_1)","decl":{"start":{"line":12,"column":98},"end":{"line":12,"column":99}},"loc":{"start":{"line":12,"column":118},"end":{"line":17,"column":1}},"line":12}},"branchMap":{"0":{"loc":{"start":{"line":2,"column":22},"end":{"line":4,"column":1}},"type":"binary-expr","locations":[{"start":{"line":2,"column":23},"end":{"line":2,"column":27}},{"start":{"line":2,"column":31},"end":{"line":2,"column":51}},{"start":{"line":2,"column":56},"end":{"line":4,"column":1}}],"line":2},"1":{"loc":{"start":{"line":3,"column":11},"end":{"line":3,"column":61}},"type":"cond-expr","locations":[{"start":{"line":3,"column":37},"end":{"line":3,"column":40}},{"start":{"line":3,"column":43},"end":{"line":3,"column":61}}],"line":3},"2":{"loc":{"start":{"line":3,"column":12},"end":{"line":3,"column":33}},"type":"binary-expr","locations":[{"start":{"line":3,"column":12},"end":{"line":3,"column":15}},{"start":{"line":3,"column":19},"end":{"line":3,"column":33}}],"line":3},"3":{"loc":{"start":{"line":13,"column":4},"end":{"line":15,"column":5}},"type":"if","locations":[{"start":{"line":13,"column":4},"end":{"line":15,"column":5}},{"start":{},"end":{}}],"line":13},"4":{"loc":{"start":{"line":13,"column":8},"end":{"line":13,"column":60}},"type":"binary-expr","locations":[{"start":{"line":13,"column":8},"end":{"line":13,"column":32}},{"start":{"line":13,"column":36},"end":{"line":13,"column":60}}],"line":13}},"s":{"0":4,"1":4,"2":4,"3":4,"4":4,"5":4,"6":4,"7":4,"8":4,"9":0,"10":0,"11":0,"12":4,"13":4,"14":4,"15":4,"16":4},"f":{"0":4,"1":0},"b":{"0":[4,4,4],"1":[0,4],"2":[4,4],"3":[0,0],"4":[0,0]},"inputSourceMap":null,"_coverageSchema":"1a1c01bbd47fc00a2c39e90264f33305004495a9","hash":"4dff53d92a452d72da172264fdcaa27256d309f7"}
,"C:\\Users\\Josh Eze\\Documents\\Web_Project\\Web_Project\\react-test\\shortlink\\src\\util\\route_protection.js": {"path":"C:\\Users\\Josh Eze\\Documents\\Web_Project\\Web_Project\\react-test\\shortlink\\src\\util\\route_protection.js","statementMap":{"0":{"start":{"line":2,"column":0},"end":{"line":2,"column":62}},"1":{"start":{"line":3,"column":0},"end":{"line":3,"column":24}},"2":{"start":{"line":4,"column":15},"end":{"line":9,"column":1}},"3":{"start":{"line":5,"column":4},"end":{"line":7,"column":5}},"4":{"start":{"line":6,"column":8},"end":{"line":6,"column":38}},"5":{"start":{"line":8,"column":4},"end":{"line":8,"column":11}},"6":{"start":{"line":10,"column":0},"end":{"line":10,"column":24}}},"fnMap":{"0":{"name":"(anonymous_0)","decl":{"start":{"line":4,"column":15},"end":{"line":4,"column":16}},"loc":{"start":{"line":4,"column":35},"end":{"line":9,"column":1}},"line":4}},"branchMap":{"0":{"loc":{"start":{"line":5,"column":4},"end":{"line":7,"column":5}},"type":"if","locations":[{"start":{"line":5,"column":4},"end":{"line":7,"column":5}},{"start":{},"end":{}}],"line":5}},"s":{"0":4,"1":4,"2":4,"3":4,"4":4,"5":0,"6":4},"f":{"0":4},"b":{"0":[4,0]},"inputSourceMap":null,"_coverageSchema":"1a1c01bbd47fc00a2c39e90264f33305004495a9","hash":"54f81066383edc968ba54e81a97bf61927d390d8"}
}
